Results of markdown-link-check linter (version 3.12.2)
See documentation on https://megalinter.io/8.8.0/descriptors/markdown_markdown_link_check/
-----------------------------------------------

❌ [ERROR] for workspace /tmp/lint
Linter raw log:

  ERROR: 15 dead links found in README.md !
  [✖] https://culturedcode.com/things/ → Status: 0
  [✖] https://www.omnigroup.com/omnifocus/ → Status: 0
  [✖] https://culturedcode.com/things/support/articles/2908262/ → Status: 0
  [✖] https://developers.google.com/gmail/api/quickstart/go → Status: 0
  [✖] https://cloud.google.com/vision/docs/detect-labels-image-client-libraries → Status: 0
  [✖] https://cloud.google.com/docs/authentication/application-default-credentials → Status: 0
  [✖] https://console.cloud.google.com/iam-admin/serviceaccounts → Status: 0
  [✖] https://tailscale.com/kb/1242/tailscale-serve/ → Status: 0
  [✖] https://syncthing.net → Status: 0
  [✖] https://web.archive.org/web/20201207170802/https://www.grymoire.com/Unix/Permissions.html → Status: 0
  [✖] https://github.com/cdzombak/runner → Status: 0
  [✖] https://www.dzombak.com/blog/2020/12/Introducing-Runner-a-lightweight-wrapper-for-cron-jobs.html → Status: 0
  [✖] https://hub.docker.com/r/cdzombak/mailto-things → Status: 0
  [✖] https://github.com/cdzombak/mailto-things/pkgs/container/mailto-things → Status: 0
  [✖] https://www.dzombak.com → Status: 0

